<?xml version="1.0" encoding="UTF-8"?>
<!-- Generated by org.testng.reporters.JUnitXMLReporter -->
<testsuite ignored="0" hostname="DESKTOP-FQLSSQR" failures="1" tests="1" name="Default test" time="8.545" errors="0" timestamp="2025-08-10T13:26:50 SAST">
  <testcase classname="io.cucumber.testng.AbstractTestNGCucumberTests" name="runScenario" time="7.913">
    <failure type="io.cucumber.testng.UndefinedStepException" message="The step &amp;apos;Logged in with username odwamzimba@gmail.com and password Luphawu2024&amp;apos; and 1 other step(s) are undefined.
You can implement these steps using the snippet(s) below:

@Given(&amp;quot;Logged in with username odwamzimba@gmail.com and password Luphawu2024&amp;quot;)
public void logged_in_with_username_odwamzimba_gmail_com_and_password_luphawu2024() {
    // Write code here that turns the phrase above into concrete actions
    throw new io.cucumber.java.PendingException();
}
@When(&amp;quot;I add product &amp;lt;productName&amp;gt; to Cart&amp;quot;)
public void i_add_product_product_name_to_cart() {
    // Write code here that turns the phrase above into concrete actions
    throw new io.cucumber.java.PendingException();
}
">
      <![CDATA[io.cucumber.testng.UndefinedStepException: The step 'Logged in with username odwamzimba@gmail.com and password Luphawu2024' and 1 other step(s) are undefined.
You can implement these steps using the snippet(s) below:

@Given("Logged in with username odwamzimba@gmail.com and password Luphawu2024")
public void logged_in_with_username_odwamzimba_gmail_com_and_password_luphawu2024() {
    // Write code here that turns the phrase above into concrete actions
    throw new io.cucumber.java.PendingException();
}
@When("I add product <productName> to Cart")
public void i_add_product_product_name_to_cart() {
    // Write code here that turns the phrase above into concrete actions
    throw new io.cucumber.java.PendingException();
}

at ✽.Logged in with username odwamzimba@gmail.com and password Luphawu2024(file:///C:/Users/Lindokuhle%20Makanda/eclipse-workspace/SeleniumFrameworkDesign/src/test/java/Cucumber/SubmitOrder.feature:9)
]]>
    </failure>
  </testcase> <!-- runScenario -->
</testsuite> <!-- Default test -->
