<?xml version="1.0" encoding="UTF-8"?>
<!-- Generated by org.testng.reporters.JUnitXMLReporter -->
<testsuite ignored="0" hostname="DESKTOP-FQLSSQR" failures="1" tests="3" name="Error Validatios Test" time="34.696" errors="0" timestamp="2025-08-10T11:00:26 SAST">
  <testcase classname="rahulshettyacademy.Test.ErrorValidationsTest" name="ProductErrorValidation" time="12.948"/>
  <testcase classname="rahulshettyacademy.Test.ErrorValidationsTest" name="loginErrorValidation" time="1.032">
    <skipped/>
  </testcase> <!-- loginErrorValidation -->
  <testcase classname="rahulshettyacademy.Test.ErrorValidationsTest" name="loginErrorValidation" time="1.214">
    <failure type="java.lang.AssertionError" message="expected [Login Successfully] but found [Incorrect email or password.]">
      <![CDATA[java.lang.AssertionError: expected [Login Successfully] but found [Incorrect email or password.]
at rahulshettyacademy.Test.ErrorValidationsTest.loginErrorValidation(ErrorValidationsTest.java:22)
at java.base/java.util.ArrayList.forEach(ArrayList.java:1596)
at java.base/java.util.concurrent.FutureTask.run(FutureTask.java:317)
at java.base/java.util.concurrent.ThreadPoolExecutor.runWorker(ThreadPoolExecutor.java:1144)
at java.base/java.util.concurrent.ThreadPoolExecutor$Worker.run(ThreadPoolExecutor.java:642)
at java.base/java.lang.Thread.run(Thread.java:1583)
... Removed 21 stack frames]]>
    </failure>
  </testcase> <!-- loginErrorValidation -->
</testsuite> <!-- Error Validatios Test -->
