<?xml version="1.0" encoding="UTF-8"?>
<!-- Generated by org.testng.reporters.JUnitXMLReporter -->
<testsuite ignored="0" hostname="DESKTOP-FQLSSQR" failures="0" tests="4" name="Submit" time="39.516" errors="0" timestamp="2025-08-10T11:00:30 SAST">
  <testcase classname="rahulshettyacademy.Test.SubmitOrderTest" name="submitOrder" time="5.156"/>
  <testcase classname="rahulshettyacademy.Test.SubmitOrderTest" name="submitOrder" time="4.925"/>
  <testcase classname="rahulshettyacademy.Test.SubmitOrderTest" name="OrderHistory" time="1.41"/>
  <testcase classname="rahulshettyacademy.Test.SubmitOrderTest" name="OrderHistory" time="1.331"/>
</testsuite> <!-- Submit -->
