<?xml version="1.0" encoding="UTF-8"?>
<!-- Generated by org.testng.reporters.JUnitXMLReporter -->
<testsuite ignored="0" hostname="DESKTOP-FQLSSQR" failures="0" tests="2" name="Error Validatios Test" time="0.487" errors="0" timestamp="2025-08-11T19:36:57 SAST">
  <testcase classname="rahulshettyacademy.Test.ErrorValidationsTest" name="ProductErrorValidation" time="0.0">
    <skipped/>
  </testcase> <!-- ProductErrorValidation -->
  <testcase classname="rahulshettyacademy.Test.ErrorValidationsTest" name="loginErrorValidation" time="0.0">
    <skipped/>
  </testcase> <!-- loginErrorValidation -->
</testsuite> <!-- Error Validatios Test -->
