<?xml version="1.0" encoding="UTF-8"?>
<testng-results ignored="0" total="1" passed="0" failed="1" skipped="0">
  <reporter-output>
  </reporter-output>
  <suite started-at="2025-08-10T13:26:42 SAST" name="Default suite" finished-at="2025-08-10T13:26:50 SAST" duration-ms="8545">
    <groups>
      <group name="cucumber">
        <method signature="AbstractTestNGCucumberTests.runScenario(io.cucumber.testng.PickleWrapper,io.cucumber.testng.FeatureWrapper)[pri:0, instance:Cucumber.TestNGTestRunner@2de23121]" name="runScenario" class="io.cucumber.testng.AbstractTestNGCucumberTests"/>
      </group> <!-- cucumber -->
    </groups>
    <test started-at="2025-08-10T13:26:42 SAST" name="Default test" finished-at="2025-08-10T13:26:50 SAST" duration-ms="8545">
      <class name="Cucumber.TestNGTestRunner">
        <test-method is-config="true" signature="setUpClass(org.testng.ITestContext)[pri:0, instance:Cucumber.TestNGTestRunner@2de23121]" started-at="2025-08-10T13:26:42 SAST" name="setUpClass" finished-at="2025-08-10T13:26:42 SAST" duration-ms="533" status="PASS">
          <params>
            <param index="0">
              <value>
                <![CDATA[org.testng.TestRunner@8851ce1]]>
              </value>
            </param>
          </params>
          <reporter-output>
          </reporter-output>
        </test-method> <!-- setUpClass -->
        <test-method signature="runScenario(io.cucumber.testng.PickleWrapper,io.cucumber.testng.FeatureWrapper)[pri:0, instance:Cucumber.TestNGTestRunner@2de23121]" started-at="2025-08-10T13:26:42 SAST" name="runScenario" description="Runs Cucumber Scenarios" data-provider="scenarios" finished-at="2025-08-10T13:26:50 SAST" duration-ms="7913" status="FAIL">
          <params>
            <param index="0">
              <value>
                <![CDATA["Positive Test of Submitting the order"]]>
              </value>
            </param>
            <param index="1">
              <value>
                <![CDATA["Purchase the order from Ecommerce Website"]]>
              </value>
            </param>
          </params>
          <exception class="io.cucumber.testng.UndefinedStepException">
            <message>
              <![CDATA[The step 'Logged in with username odwamzimba@gmail.com and password Luphawu2024' and 1 other step(s) are undefined.
You can implement these steps using the snippet(s) below:

@Given("Logged in with username odwamzimba@gmail.com and password Luphawu2024")
public void logged_in_with_username_odwamzimba_gmail_com_and_password_luphawu2024() {
    // Write code here that turns the phrase above into concrete actions
    throw new io.cucumber.java.PendingException();
}
@When("I add product <productName> to Cart")
public void i_add_product_product_name_to_cart() {
    // Write code here that turns the phrase above into concrete actions
    throw new io.cucumber.java.PendingException();
}
]]>
            </message>
            <full-stacktrace>
              <![CDATA[io.cucumber.testng.UndefinedStepException: The step 'Logged in with username odwamzimba@gmail.com and password Luphawu2024' and 1 other step(s) are undefined.
You can implement these steps using the snippet(s) below:

@Given("Logged in with username odwamzimba@gmail.com and password Luphawu2024")
public void logged_in_with_username_odwamzimba_gmail_com_and_password_luphawu2024() {
    // Write code here that turns the phrase above into concrete actions
    throw new io.cucumber.java.PendingException();
}
@When("I add product <productName> to Cart")
public void i_add_product_product_name_to_cart() {
    // Write code here that turns the phrase above into concrete actions
    throw new io.cucumber.java.PendingException();
}

at ✽.Logged in with username odwamzimba@gmail.com and password Luphawu2024(file:///C:/Users/Lindokuhle%20Makanda/eclipse-workspace/SeleniumFrameworkDesign/src/test/java/Cucumber/SubmitOrder.feature:9)
]]>
            </full-stacktrace>
          </exception> <!-- io.cucumber.testng.UndefinedStepException -->
          <reporter-output>
          </reporter-output>
        </test-method> <!-- runScenario -->
        <test-method is-config="true" signature="tearDownClass()[pri:0, instance:Cucumber.TestNGTestRunner@2de23121]" started-at="2025-08-10T13:26:50 SAST" name="tearDownClass" finished-at="2025-08-10T13:26:50 SAST" duration-ms="50" status="PASS">
          <reporter-output>
          </reporter-output>
        </test-method> <!-- tearDownClass -->
      </class> <!-- Cucumber.TestNGTestRunner -->
    </test> <!-- Default test -->
  </suite> <!-- Default suite -->
</testng-results>
